{"/Users/mechaniccoder/project/tutorial/redux-tutorial/config/snapshotResolver.js": {"path":"/Users/mechaniccoder/project/tutorial/redux-tutorial/config/snapshotResolver.js","statementMap":{"0":{"start":{"line":4,"column":4},"end":{"line":7,"column":6}},"1":{"start":{"line":10,"column":4},"end":{"line":10,"column":59}}},"fnMap":{"0":{"name":"(anonymous_0)","decl":{"start":{"line":3,"column":23},"end":{"line":3,"column":24}},"loc":{"start":{"line":3,"column":56},"end":{"line":8,"column":3}},"line":3},"1":{"name":"(anonymous_1)","decl":{"start":{"line":9,"column":19},"end":{"line":9,"column":20}},"loc":{"start":{"line":9,"column":60},"end":{"line":11,"column":3}},"line":9}},"branchMap":{},"s":{"0":4,"1":2},"f":{"0":4,"1":2},"b":{},"_coverageSchema":"1a1c01bbd47fc00a2c39e90264f33305004495a9","hash":"1055dbc371f03dba526ba30a7faf488fb4c3c151"}
,"/Users/mechaniccoder/project/tutorial/redux-tutorial/src/App.tsx": {"path":"/Users/mechaniccoder/project/tutorial/redux-tutorial/src/App.tsx","statementMap":{"0":{"start":{"line":9,"column":2},"end":{"line":22,"column":4}}},"fnMap":{"0":{"name":"App","decl":{"start":{"line":8,"column":9},"end":{"line":8,"column":12}},"loc":{"start":{"line":8,"column":15},"end":{"line":23,"column":1}},"line":8}},"branchMap":{},"s":{"0":5},"f":{"0":5},"b":{},"_coverageSchema":"1a1c01bbd47fc00a2c39e90264f33305004495a9","hash":"976cebc0b545967b516fec3d3a32582033c437a2"}
,"/Users/mechaniccoder/project/tutorial/redux-tutorial/src/pages/Home/Home.tsx": {"path":"/Users/mechaniccoder/project/tutorial/redux-tutorial/src/pages/Home/Home.tsx","statementMap":{"0":{"start":{"line":4,"column":13},"end":{"line":11,"column":1}},"1":{"start":{"line":5,"column":2},"end":{"line":10,"column":4}}},"fnMap":{"0":{"name":"(anonymous_0)","decl":{"start":{"line":4,"column":13},"end":{"line":4,"column":14}},"loc":{"start":{"line":4,"column":19},"end":{"line":11,"column":1}},"line":4}},"branchMap":{},"s":{"0":2,"1":6},"f":{"0":6},"b":{},"_coverageSchema":"1a1c01bbd47fc00a2c39e90264f33305004495a9","hash":"8e0b110e79f83698145a7112f6d826274111f645"}
,"/Users/mechaniccoder/project/tutorial/redux-tutorial/src/pages/SignIn/SignIn.tsx": {"path":"/Users/mechaniccoder/project/tutorial/redux-tutorial/src/pages/SignIn/SignIn.tsx","statementMap":{"0":{"start":{"line":3,"column":15},"end":{"line":5,"column":1}},"1":{"start":{"line":4,"column":2},"end":{"line":4,"column":41}}},"fnMap":{"0":{"name":"(anonymous_0)","decl":{"start":{"line":3,"column":15},"end":{"line":3,"column":16}},"loc":{"start":{"line":3,"column":21},"end":{"line":5,"column":1}},"line":3}},"branchMap":{},"s":{"0":1,"1":1},"f":{"0":1},"b":{},"_coverageSchema":"1a1c01bbd47fc00a2c39e90264f33305004495a9","hash":"aa94becf5a65501a9bcce980d00eb8cd4fdb21dd"}
,"/Users/mechaniccoder/project/tutorial/redux-tutorial/src/pages/SignUp/SignUp.tsx": {"path":"/Users/mechaniccoder/project/tutorial/redux-tutorial/src/pages/SignUp/SignUp.tsx","statementMap":{"0":{"start":{"line":3,"column":15},"end":{"line":5,"column":1}},"1":{"start":{"line":4,"column":2},"end":{"line":4,"column":41}}},"fnMap":{"0":{"name":"(anonymous_0)","decl":{"start":{"line":3,"column":15},"end":{"line":3,"column":16}},"loc":{"start":{"line":3,"column":21},"end":{"line":5,"column":1}},"line":3}},"branchMap":{},"s":{"0":1,"1":2},"f":{"0":2},"b":{},"_coverageSchema":"1a1c01bbd47fc00a2c39e90264f33305004495a9","hash":"6c7b8a0ec0bb830a8696bd7bfe693045f41c5519"}
}
