{"/Users/mechaniccoder/project/tutorial/todo-tdd/src/App.tsx": {"path":"/Users/mechaniccoder/project/tutorial/todo-tdd/src/App.tsx","statementMap":{"0":{"start":{"line":9,"column":2},"end":{"line":22,"column":4}}},"fnMap":{"0":{"name":"App","decl":{"start":{"line":8,"column":9},"end":{"line":8,"column":12}},"loc":{"start":{"line":8,"column":15},"end":{"line":23,"column":1}},"line":8}},"branchMap":{},"s":{"0":4},"f":{"0":4},"b":{},"_coverageSchema":"1a1c01bbd47fc00a2c39e90264f33305004495a9","hash":"8c3c19d3f1fd1834ad94464689c7207d9ce44c07"}
,"/Users/mechaniccoder/project/tutorial/todo-tdd/src/pages/Home/Home.tsx": {"path":"/Users/mechaniccoder/project/tutorial/todo-tdd/src/pages/Home/Home.tsx","statementMap":{"0":{"start":{"line":4,"column":13},"end":{"line":14,"column":1}},"1":{"start":{"line":5,"column":16},"end":{"line":5,"column":45}},"2":{"start":{"line":7,"column":2},"end":{"line":13,"column":4}}},"fnMap":{"0":{"name":"(anonymous_0)","decl":{"start":{"line":4,"column":13},"end":{"line":4,"column":14}},"loc":{"start":{"line":4,"column":19},"end":{"line":14,"column":1}},"line":4}},"branchMap":{},"s":{"0":2,"1":4,"2":4},"f":{"0":4},"b":{},"_coverageSchema":"1a1c01bbd47fc00a2c39e90264f33305004495a9","hash":"a7e434cd0d58896173e0e2989afff5705084a411"}
,"/Users/mechaniccoder/project/tutorial/todo-tdd/src/pages/SignUp/SignUp.tsx": {"path":"/Users/mechaniccoder/project/tutorial/todo-tdd/src/pages/SignUp/SignUp.tsx","statementMap":{"0":{"start":{"line":6,"column":32},"end":{"line":17,"column":1}},"1":{"start":{"line":7,"column":2},"end":{"line":16,"column":4}}},"fnMap":{"0":{"name":"(anonymous_0)","decl":{"start":{"line":6,"column":32},"end":{"line":6,"column":33}},"loc":{"start":{"line":6,"column":50},"end":{"line":17,"column":1}},"line":6}},"branchMap":{},"s":{"0":2,"1":5},"f":{"0":5},"b":{},"_coverageSchema":"1a1c01bbd47fc00a2c39e90264f33305004495a9","hash":"4fd64441161e0e6eef09c99fd5436d4295392e1d"}
}
